<?xml version="1.0" encoding="UTF-8"?>
<!-- Generated by org.testng.reporters.JUnitReportReporter -->
<testsuite hostname="DESKTOP-USRT4SU" failures="0" tests="2" name="com.banctec.TestNGDemo.TestDemo" time="0.012" errors="0" timestamp="17 Mar 2019 04:31:44 GMT" skipped="0">
  <testcase classname="com.banctec.TestNGDemo.TestDemo" name="browser" time="0.007"/>
  <testcase classname="com.banctec.TestNGDemo.TestDemo" name="f" time="0.005"/>
</testsuite> <!-- com.banctec.TestNGDemo.TestDemo -->
